2026-03-20T21:02:56 [ERROR] bot: [ERROR] Failed to place BUY order  exc=network error
2026-03-20T21:02:56 [INFO] bot: [ORDER] Submitted BUY 0.001 BTC/USDT  order_id=o1  price=None
2026-03-20T21:02:56 [WARNING] bot: [Exec] Order o1 timed out after 0.0s — cancelling.
2026-03-20T21:02:56 [WARNING] bot: [CANCEL] order_id=o1  reason=fill_timeout
2026-03-20T21:02:56 [INFO] bot: [FILL] BUY filled  order_id=o1  qty=0.005  avg_price=30000  fee=0.015
2026-03-20T21:02:56 [WARNING] bot: [Exec] Order o1 timed out after 0.0s — cancelling.
2026-03-20T21:02:56 [WARNING] bot: [CANCEL] order_id=o1  reason=fill_timeout
2026-03-20T21:02:56 [ERROR] bot: [ERROR] Buy order o1 not filled  status=open
2026-03-20T21:02:56 [INFO] bot: [FILL] BUY filled  order_id=o1  qty=0.001  avg_price=30000.0  fee=0.03
2026-03-20T21:02:56 [INFO] bot: [ORDER] Submitted SELL 0.001 BTC/USDT  order_id=s1  price=None
2026-03-20T21:02:57 [INFO] bot: [FILL] SELL filled  order_id=s2  qty=0.0005  avg_price=30000.0  fee=0.015
2026-03-20T21:02:57 [WARNING] bot: [Exec] Partial sell  remaining=0.00050000  attempt=1/3
2026-03-20T21:02:57 [INFO] bot: [ORDER] Submitted SELL 0.0005 BTC/USDT  order_id=s2  price=None
2026-03-20T21:02:57 [ERROR] bot: [ERROR] SELL placement failed (attempt 1)  exc=timeout
2026-03-20T21:02:57 [ERROR] bot: [ERROR] SELL placement failed (attempt 2)  exc=timeout
2026-03-20T21:02:57 [INFO] bot: [ORDER] Submitted SELL 0.001 BTC/USDT  order_id=s1  price=None
2026-03-20T21:02:57 [INFO] bot: [FILL] SELL filled  order_id=s1  qty=0.001  avg_price=30000.0  fee=0.03
2026-03-20T21:02:57 [INFO] bot: [Exec] Fully flat — position closed.
2026-03-20T21:02:57 [ERROR] bot: [ERROR] SELL placement failed (attempt 1)  exc=always fails
2026-03-20T21:02:57 [ERROR] bot: [ERROR] SELL placement failed (attempt 2)  exc=always fails
2026-03-20T21:02:57 [ERROR] bot: [ERROR] SELL placement failed (attempt 3)  exc=always fails
2026-03-20T21:02:57 [ERROR] bot: [ERROR] [Exec] Could not fully close position after 3 attempts. Remaining qty: 0.00100000
2026-03-20T21:02:57 [INFO] bot: [ORDER] Submitted SELL 0.001 BTC/USDT  order_id=s1  price=None
2026-03-20T21:02:57 [INFO] bot: [FILL] SELL filled  order_id=s1  qty=0.001  avg_price=30000.0  fee=0.03
2026-03-20T21:02:57 [INFO] bot: [Exec] Fully flat — position closed.
2026-03-20T21:02:57 [INFO] bot: [Exec] Sell delay already elapsed; proceeding immediately.
2026-03-20T21:02:57 [WARNING] bot: [RISK] Trade rejected  reason=balance_too_low (10.00 < 50.0)  {}
2026-03-20T21:02:57 [WARNING] bot: [RISK] Trade rejected  reason=open_position_exists  {}
2026-03-20T21:02:57 [WARNING] bot: [RISK] Trade rejected  reason=position_too_large (100.00 > 50.0)  {}
2026-03-20T21:02:57 [WARNING] bot: [RISK] Trade rejected  reason=daily_loss_limit_hit (-150.00 <= -100.0)  {}
2026-03-20T21:02:57 [WARNING] bot: [Risk] 3 consecutive losses — cooldown for 600.0s
2026-03-20T21:02:57 [WARNING] bot: [RISK] Trade rejected  reason=cooldown_active (600s remaining)  {}
2026-03-20T21:02:57 [WARNING] bot: [RISK] Trade rejected  reason=max_trades_per_hour (3 >= 3)  {}
2026-03-20T21:02:57 [WARNING] bot: [RISK] Trade rejected  reason=insufficient_liquidity  ask_depth=2  bid_depth=1  threshold=1000000.0  {}
2026-03-20T21:02:57 [WARNING] bot: [RISK] Trade rejected  reason=position_too_large (3000.00 > 500.0)  {}
2026-03-20T21:02:57 [ERROR] bot: [ERROR] [Strategy] Buy not filled — aborting cycle.
2026-03-20T21:02:57 [WARNING] bot: [RISK] Trade rejected  reason=balance_too_low (10.00 < 50.0)  {}
2026-03-20T21:03:40 [ERROR] bot: [ERROR] Failed to place BUY order  exc=network error
2026-03-20T21:03:40 [INFO] bot: [ORDER] Submitted BUY 0.001 BTC/USDT  order_id=o1  price=None
2026-03-20T21:03:40 [WARNING] bot: [Exec] Order o1 timed out after 0.0s — cancelling.
2026-03-20T21:03:40 [WARNING] bot: [CANCEL] order_id=o1  reason=fill_timeout
2026-03-20T21:03:40 [INFO] bot: [FILL] BUY filled  order_id=o1  qty=0.005  avg_price=30000  fee=0.015
2026-03-20T21:03:40 [WARNING] bot: [Exec] Order o1 timed out after 0.0s — cancelling.
2026-03-20T21:03:40 [WARNING] bot: [CANCEL] order_id=o1  reason=fill_timeout
2026-03-20T21:03:40 [ERROR] bot: [ERROR] Buy order o1 not filled  status=open
2026-03-20T21:03:40 [INFO] bot: [FILL] BUY filled  order_id=o1  qty=0.001  avg_price=30000.0  fee=0.03
2026-03-20T21:03:40 [INFO] bot: [ORDER] Submitted SELL 0.001 BTC/USDT  order_id=s1  price=None
2026-03-20T21:03:41 [INFO] bot: [FILL] SELL filled  order_id=s2  qty=0.0005  avg_price=30000.0  fee=0.015
2026-03-20T21:03:41 [WARNING] bot: [Exec] Partial sell  remaining=0.00050000  attempt=1/3
2026-03-20T21:03:41 [INFO] bot: [ORDER] Submitted SELL 0.0005 BTC/USDT  order_id=s2  price=None
2026-03-20T21:03:41 [INFO] bot: [FILL] SELL filled  order_id=s2  qty=0.0005  avg_price=30000.0  fee=0.015
2026-03-20T21:03:41 [INFO] bot: [Exec] Fully flat — position closed.
2026-03-20T21:03:41 [ERROR] bot: [ERROR] SELL placement failed (attempt 1)  exc=timeout
2026-03-20T21:03:41 [ERROR] bot: [ERROR] SELL placement failed (attempt 2)  exc=timeout
2026-03-20T21:03:41 [INFO] bot: [ORDER] Submitted SELL 0.001 BTC/USDT  order_id=s1  price=None
2026-03-20T21:03:41 [INFO] bot: [FILL] SELL filled  order_id=s1  qty=0.001  avg_price=30000.0  fee=0.03
2026-03-20T21:03:41 [INFO] bot: [Exec] Fully flat — position closed.
2026-03-20T21:03:41 [ERROR] bot: [ERROR] SELL placement failed (attempt 1)  exc=always fails
2026-03-20T21:03:41 [ERROR] bot: [ERROR] SELL placement failed (attempt 2)  exc=always fails
2026-03-20T21:03:41 [ERROR] bot: [ERROR] SELL placement failed (attempt 3)  exc=always fails
2026-03-20T21:03:41 [ERROR] bot: [ERROR] [Exec] Could not fully close position after 3 attempts. Remaining qty: 0.00100000
2026-03-20T21:03:41 [INFO] bot: [ORDER] Submitted SELL 0.001 BTC/USDT  order_id=s1  price=None
2026-03-20T21:03:41 [INFO] bot: [FILL] SELL filled  order_id=s1  qty=0.001  avg_price=30000.0  fee=0.03
2026-03-20T21:03:41 [INFO] bot: [Exec] Fully flat — position closed.
2026-03-20T21:03:41 [INFO] bot: [Exec] Sell delay already elapsed; proceeding immediately.
2026-03-20T21:03:41 [WARNING] bot: [RISK] Trade rejected  reason=balance_too_low (10.00 < 50.0)  {}
2026-03-20T21:03:41 [WARNING] bot: [RISK] Trade rejected  reason=open_position_exists  {}
2026-03-20T21:03:41 [WARNING] bot: [RISK] Trade rejected  reason=position_too_large (100.00 > 50.0)  {}
2026-03-20T21:03:41 [WARNING] bot: [RISK] Trade rejected  reason=daily_loss_limit_hit (-150.00 <= -100.0)  {}
2026-03-20T21:03:41 [WARNING] bot: [Risk] 3 consecutive losses — cooldown for 600.0s
2026-03-20T21:03:41 [WARNING] bot: [RISK] Trade rejected  reason=cooldown_active (600s remaining)  {}
2026-03-20T21:03:41 [WARNING] bot: [RISK] Trade rejected  reason=max_trades_per_hour (3 >= 3)  {}
2026-03-20T21:03:41 [WARNING] bot: [RISK] Trade rejected  reason=insufficient_liquidity  ask_depth=2  bid_depth=1  threshold=1000000.0  {}
2026-03-20T21:03:41 [WARNING] bot: [RISK] Trade rejected  reason=position_too_large (3000.00 > 500.0)  {}
2026-03-20T21:03:41 [ERROR] bot: [ERROR] [Strategy] Buy not filled — aborting cycle.
2026-03-20T21:03:41 [WARNING] bot: [RISK] Trade rejected  reason=balance_too_low (10.00 < 50.0)  {}
